0 info it worked if it ends with ok
1 verbose cli [ '/usr/libexec/openshift/cartridges/c9-0.1/root/bin/node-openshift-v10',
1 verbose cli   '/usr/libexec/openshift/cartridges/c9-0.1/root/lib-0.10/node_modules/npm/bin/npm-cli.js',
1 verbose cli   'install',
1 verbose cli   '-d' ]
2 info using npm@1.3.8
3 info using node@v0.10.22
4 verbose readDependencies using package.json deps
5 verbose install where, deps [ '/var/lib/stickshift/52e292c24382ec09e7000356/app-root/data/750946',
5 verbose install   [ 'karma', 'karma-coverage', 'phantomjs' ] ]
6 info preinstall flipAhead.js@0.0.1
7 verbose readDependencies using package.json deps
8 verbose cache add [ 'karma-coverage@~0.1', null ]
9 verbose cache add name=undefined spec="karma-coverage@~0.1" args=["karma-coverage@~0.1",null]
10 verbose parsed url { protocol: null,
10 verbose parsed url   slashes: null,
10 verbose parsed url   auth: null,
10 verbose parsed url   host: null,
10 verbose parsed url   port: null,
10 verbose parsed url   hostname: null,
10 verbose parsed url   hash: null,
10 verbose parsed url   search: null,
10 verbose parsed url   query: null,
10 verbose parsed url   pathname: 'karma-coverage@~0.1',
10 verbose parsed url   path: 'karma-coverage@~0.1',
10 verbose parsed url   href: 'karma-coverage@~0.1' }
11 verbose cache add name="karma-coverage" spec="~0.1" args=["karma-coverage","~0.1"]
12 verbose parsed url { protocol: null,
12 verbose parsed url   slashes: null,
12 verbose parsed url   auth: null,
12 verbose parsed url   host: null,
12 verbose parsed url   port: null,
12 verbose parsed url   hostname: null,
12 verbose parsed url   hash: null,
12 verbose parsed url   search: null,
12 verbose parsed url   query: null,
12 verbose parsed url   pathname: '~0.1',
12 verbose parsed url   path: '~0.1',
12 verbose parsed url   href: '~0.1' }
13 verbose addNamed [ 'karma-coverage', '~0.1' ]
14 verbose addNamed [ null, '>=0.1.0-0 <0.2.0-0' ]
15 verbose already installed skipping phantomjs@1.9.6-0 /var/lib/stickshift/52e292c24382ec09e7000356/app-root/data/750946
16 verbose already installed skipping karma@0.10.9 /var/lib/stickshift/52e292c24382ec09e7000356/app-root/data/750946
17 silly lockFile 8a786567-karma-coverage-0-1 karma-coverage@~0.1
18 verbose lock karma-coverage@~0.1 /var/lib/openshift/52e292c24382ec09e7000356/app-root/data/.npm/8a786567-karma-coverage-0-1.lock
19 silly addNameRange { name: 'karma-coverage',
19 silly addNameRange   range: '>=0.1.0-0 <0.2.0-0',
19 silly addNameRange   hasData: false }
20 verbose url raw karma-coverage
21 verbose url resolving [ 'https://registry.npmjs.org/', './karma-coverage' ]
22 verbose url resolved https://registry.npmjs.org/karma-coverage
23 info trying registry request attempt 1 at 15:21:30
24 verbose etag "C1FA3HCATKR518407FMAIYG8D"
25 http GET https://registry.npmjs.org/karma-coverage
26 http 304 https://registry.npmjs.org/karma-coverage
27 silly registry.get cb [ 304,
27 silly registry.get   { date: 'Sun, 26 Jan 2014 20:21:31 GMT',
27 silly registry.get     server: 'Apache',
27 silly registry.get     connection: 'Keep-Alive',
27 silly registry.get     'keep-alive': 'timeout=10, max=50',
27 silly registry.get     etag: '"C1FA3HCATKR518407FMAIYG8D"',
27 silly registry.get     vary: 'Accept' } ]
28 verbose etag karma-coverage from cache
29 silly addNameRange number 2 { name: 'karma-coverage',
29 silly addNameRange   range: '>=0.1.0-0 <0.2.0-0',
29 silly addNameRange   hasData: true }
30 silly addNameRange versions [ 'karma-coverage',
30 silly addNameRange   [ '0.0.1',
30 silly addNameRange     '0.0.2',
30 silly addNameRange     '0.0.3',
30 silly addNameRange     '0.0.4',
30 silly addNameRange     '0.0.5',
30 silly addNameRange     '0.1.0',
30 silly addNameRange     '0.1.1',
30 silly addNameRange     '0.1.2',
30 silly addNameRange     '0.1.3',
30 silly addNameRange     '0.1.4' ] ]
31 verbose addNamed [ 'karma-coverage', '0.1.4' ]
32 verbose addNamed [ '0.1.4', '0.1.4' ]
33 silly lockFile c5356c85-karma-coverage-0-1-4 karma-coverage@0.1.4
34 verbose lock karma-coverage@0.1.4 /var/lib/openshift/52e292c24382ec09e7000356/app-root/data/.npm/c5356c85-karma-coverage-0-1-4.lock
35 silly lockFile c5356c85-karma-coverage-0-1-4 karma-coverage@0.1.4
36 silly lockFile c5356c85-karma-coverage-0-1-4 karma-coverage@0.1.4
37 silly lockFile 8a786567-karma-coverage-0-1 karma-coverage@~0.1
38 silly lockFile 8a786567-karma-coverage-0-1 karma-coverage@~0.1
39 silly resolved [ { name: 'karma-coverage',
39 silly resolved     version: '0.1.4',
39 silly resolved     description: 'A Karma plugin. Generate code coverage.',
39 silly resolved     main: 'lib/index.js',
39 silly resolved     scripts: { test: 'grunt test' },
39 silly resolved     repository:
39 silly resolved      { type: 'git',
39 silly resolved        url: 'git://github.com/karma-runner/karma-coverage.git' },
39 silly resolved     keywords:
39 silly resolved      [ 'karma-plugin',
39 silly resolved        'karma-preprocessor',
39 silly resolved        'karma-reporter',
39 silly resolved        'coverage',
39 silly resolved        'istanbul' ],
39 silly resolved     author: { name: 'SATO taichi', email: 'ryushi@gmail.com' },
39 silly resolved     dependencies: { istanbul: '~0.1.45', ibrik: '~1.0.1', dateformat: '~1.0.6' },
39 silly resolved     peerDependencies: { karma: '>=0.9' },
39 silly resolved     license: 'MIT',
39 silly resolved     devDependencies:
39 silly resolved      { mocks: '0.0.11',
39 silly resolved        grunt: '~0.4.1',
39 silly resolved        'grunt-simple-mocha': '~0.4.0',
39 silly resolved        'grunt-contrib-jshint': '~0.6.0',
39 silly resolved        karma: '~0.9.3',
39 silly resolved        sinon: '~1.7.3',
39 silly resolved        chai: '~1.7.2',
39 silly resolved        'sinon-chai': '~2.4.0',
39 silly resolved        'grunt-bump': '~0.0.7',
39 silly resolved        'grunt-npm': '~0.0.2',
39 silly resolved        'grunt-auto-release': '~0.0.1' },
39 silly resolved     contributors: [ [Object], [Object], [Object], [Object], [Object], [Object] ],
39 silly resolved     bugs: { url: 'https://github.com/karma-runner/karma-coverage/issues' },
39 silly resolved     readme: 'ERROR: No README data found!',
39 silly resolved     _id: 'karma-coverage@0.1.4',
39 silly resolved     _from: 'karma-coverage@~0.1' } ]
40 info install karma-coverage@0.1.4 into /var/lib/stickshift/52e292c24382ec09e7000356/app-root/data/750946
41 info installOne karma-coverage@0.1.4
42 info /var/lib/stickshift/52e292c24382ec09e7000356/app-root/data/750946/node_modules/karma-coverage unbuild
43 verbose tar unpack /var/lib/openshift/52e292c24382ec09e7000356/app-root/data/.npm/karma-coverage/0.1.4/package.tgz
44 silly lockFile 2a2e8cc0-0946-node-modules-karma-coverage tar:///var/lib/stickshift/52e292c24382ec09e7000356/app-root/data/750946/node_modules/karma-coverage
45 verbose lock tar:///var/lib/stickshift/52e292c24382ec09e7000356/app-root/data/750946/node_modules/karma-coverage /var/lib/openshift/52e292c24382ec09e7000356/app-root/data/.npm/2a2e8cc0-0946-node-modules-karma-coverage.lock
46 silly lockFile f0ae0dca-karma-coverage-0-1-4-package-tgz tar:///var/lib/openshift/52e292c24382ec09e7000356/app-root/data/.npm/karma-coverage/0.1.4/package.tgz
47 verbose lock tar:///var/lib/openshift/52e292c24382ec09e7000356/app-root/data/.npm/karma-coverage/0.1.4/package.tgz /var/lib/openshift/52e292c24382ec09e7000356/app-root/data/.npm/f0ae0dca-karma-coverage-0-1-4-package-tgz.lock
48 silly gunzTarPerm modes [ '755', '644' ]
49 silly gunzTarPerm extractEntry package.json
50 silly gunzTarPerm extractEntry LICENSE
51 silly gunzTarPerm extractEntry lib/index.js
52 silly gunzTarPerm extractEntry lib/preprocessor.js
53 silly gunzTarPerm extractEntry lib/reporter.js
54 silly lockFile 2a2e8cc0-0946-node-modules-karma-coverage tar:///var/lib/stickshift/52e292c24382ec09e7000356/app-root/data/750946/node_modules/karma-coverage
55 silly lockFile 2a2e8cc0-0946-node-modules-karma-coverage tar:///var/lib/stickshift/52e292c24382ec09e7000356/app-root/data/750946/node_modules/karma-coverage
56 silly lockFile f0ae0dca-karma-coverage-0-1-4-package-tgz tar:///var/lib/openshift/52e292c24382ec09e7000356/app-root/data/.npm/karma-coverage/0.1.4/package.tgz
57 silly lockFile f0ae0dca-karma-coverage-0-1-4-package-tgz tar:///var/lib/openshift/52e292c24382ec09e7000356/app-root/data/.npm/karma-coverage/0.1.4/package.tgz
58 info preinstall karma-coverage@0.1.4
59 verbose readDependencies using package.json deps
60 verbose readDependencies using package.json deps
61 verbose cache add [ 'dateformat@~1.0.6', null ]
62 verbose cache add name=undefined spec="dateformat@~1.0.6" args=["dateformat@~1.0.6",null]
63 verbose parsed url { protocol: null,
63 verbose parsed url   slashes: null,
63 verbose parsed url   auth: null,
63 verbose parsed url   host: null,
63 verbose parsed url   port: null,
63 verbose parsed url   hostname: null,
63 verbose parsed url   hash: null,
63 verbose parsed url   search: null,
63 verbose parsed url   query: null,
63 verbose parsed url   pathname: 'dateformat@~1.0.6',
63 verbose parsed url   path: 'dateformat@~1.0.6',
63 verbose parsed url   href: 'dateformat@~1.0.6' }
64 verbose cache add name="dateformat" spec="~1.0.6" args=["dateformat","~1.0.6"]
65 verbose parsed url { protocol: null,
65 verbose parsed url   slashes: null,
65 verbose parsed url   auth: null,
65 verbose parsed url   host: null,
65 verbose parsed url   port: null,
65 verbose parsed url   hostname: null,
65 verbose parsed url   hash: null,
65 verbose parsed url   search: null,
65 verbose parsed url   query: null,
65 verbose parsed url   pathname: '~1.0.6',
65 verbose parsed url   path: '~1.0.6',
65 verbose parsed url   href: '~1.0.6' }
66 verbose addNamed [ 'dateformat', '~1.0.6' ]
67 verbose addNamed [ null, '>=1.0.6-0 <1.1.0-0' ]
68 silly lockFile 7bc67268-dateformat-1-0-6 dateformat@~1.0.6
69 verbose lock dateformat@~1.0.6 /var/lib/openshift/52e292c24382ec09e7000356/app-root/data/.npm/7bc67268-dateformat-1-0-6.lock
70 verbose cache add [ 'istanbul@~0.1.45', null ]
71 verbose cache add name=undefined spec="istanbul@~0.1.45" args=["istanbul@~0.1.45",null]
72 verbose parsed url { protocol: null,
72 verbose parsed url   slashes: null,
72 verbose parsed url   auth: null,
72 verbose parsed url   host: null,
72 verbose parsed url   port: null,
72 verbose parsed url   hostname: null,
72 verbose parsed url   hash: null,
72 verbose parsed url   search: null,
72 verbose parsed url   query: null,
72 verbose parsed url   pathname: 'istanbul@~0.1.45',
72 verbose parsed url   path: 'istanbul@~0.1.45',
72 verbose parsed url   href: 'istanbul@~0.1.45' }
73 verbose cache add name="istanbul" spec="~0.1.45" args=["istanbul","~0.1.45"]
74 verbose parsed url { protocol: null,
74 verbose parsed url   slashes: null,
74 verbose parsed url   auth: null,
74 verbose parsed url   host: null,
74 verbose parsed url   port: null,
74 verbose parsed url   hostname: null,
74 verbose parsed url   hash: null,
74 verbose parsed url   search: null,
74 verbose parsed url   query: null,
74 verbose parsed url   pathname: '~0.1.45',
74 verbose parsed url   path: '~0.1.45',
74 verbose parsed url   href: '~0.1.45' }
75 verbose addNamed [ 'istanbul', '~0.1.45' ]
76 verbose addNamed [ null, '>=0.1.45-0 <0.2.0-0' ]
77 silly lockFile e6699f3e-istanbul-0-1-45 istanbul@~0.1.45
78 verbose lock istanbul@~0.1.45 /var/lib/openshift/52e292c24382ec09e7000356/app-root/data/.npm/e6699f3e-istanbul-0-1-45.lock
79 verbose cache add [ 'ibrik@~1.0.1', null ]
80 verbose cache add name=undefined spec="ibrik@~1.0.1" args=["ibrik@~1.0.1",null]
81 verbose parsed url { protocol: null,
81 verbose parsed url   slashes: null,
81 verbose parsed url   auth: null,
81 verbose parsed url   host: null,
81 verbose parsed url   port: null,
81 verbose parsed url   hostname: null,
81 verbose parsed url   hash: null,
81 verbose parsed url   search: null,
81 verbose parsed url   query: null,
81 verbose parsed url   pathname: 'ibrik@~1.0.1',
81 verbose parsed url   path: 'ibrik@~1.0.1',
81 verbose parsed url   href: 'ibrik@~1.0.1' }
82 verbose cache add name="ibrik" spec="~1.0.1" args=["ibrik","~1.0.1"]
83 verbose parsed url { protocol: null,
83 verbose parsed url   slashes: null,
83 verbose parsed url   auth: null,
83 verbose parsed url   host: null,
83 verbose parsed url   port: null,
83 verbose parsed url   hostname: null,
83 verbose parsed url   hash: null,
83 verbose parsed url   search: null,
83 verbose parsed url   query: null,
83 verbose parsed url   pathname: '~1.0.1',
83 verbose parsed url   path: '~1.0.1',
83 verbose parsed url   href: '~1.0.1' }
84 verbose addNamed [ 'ibrik', '~1.0.1' ]
85 verbose addNamed [ null, '>=1.0.1-0 <1.1.0-0' ]
86 silly lockFile 8268bf66-ibrik-1-0-1 ibrik@~1.0.1
87 verbose lock ibrik@~1.0.1 /var/lib/openshift/52e292c24382ec09e7000356/app-root/data/.npm/8268bf66-ibrik-1-0-1.lock
88 silly addNameRange { name: 'dateformat',
88 silly addNameRange   range: '>=1.0.6-0 <1.1.0-0',
88 silly addNameRange   hasData: false }
89 silly addNameRange { name: 'istanbul',
89 silly addNameRange   range: '>=0.1.45-0 <0.2.0-0',
89 silly addNameRange   hasData: false }
90 silly addNameRange { name: 'ibrik', range: '>=1.0.1-0 <1.1.0-0', hasData: false }
91 verbose url raw istanbul
92 verbose url resolving [ 'https://registry.npmjs.org/', './istanbul' ]
93 verbose url resolved https://registry.npmjs.org/istanbul
94 info trying registry request attempt 1 at 15:21:35
95 verbose etag "RP1J43JY69FXYSFIQSKDCDXV"
96 http GET https://registry.npmjs.org/istanbul
97 verbose url raw ibrik
98 verbose url resolving [ 'https://registry.npmjs.org/', './ibrik' ]
99 verbose url resolved https://registry.npmjs.org/ibrik
100 info trying registry request attempt 1 at 15:21:35
101 verbose etag "6AR6XLOO5FU9XDUPMIOSWK5GJ"
102 http GET https://registry.npmjs.org/ibrik
103 verbose url raw dateformat
104 verbose url resolving [ 'https://registry.npmjs.org/', './dateformat' ]
105 verbose url resolved https://registry.npmjs.org/dateformat
106 info trying registry request attempt 1 at 15:21:36
107 verbose etag "AHRJG2MLZVVFG0GE2WQ2K7YWA"
108 http GET https://registry.npmjs.org/dateformat
109 http 304 https://registry.npmjs.org/dateformat
110 silly registry.get cb [ 304,
110 silly registry.get   { date: 'Sun, 26 Jan 2014 20:21:36 GMT',
110 silly registry.get     server: 'Apache',
110 silly registry.get     connection: 'Keep-Alive',
110 silly registry.get     'keep-alive': 'timeout=10, max=50',
110 silly registry.get     etag: '"AHRJG2MLZVVFG0GE2WQ2K7YWA"',
110 silly registry.get     vary: 'Accept' } ]
111 verbose etag dateformat from cache
112 http 304 https://registry.npmjs.org/istanbul
113 silly registry.get cb [ 304,
113 silly registry.get   { date: 'Sun, 26 Jan 2014 20:21:36 GMT',
113 silly registry.get     server: 'Apache',
113 silly registry.get     connection: 'Keep-Alive',
113 silly registry.get     'keep-alive': 'timeout=10, max=50',
113 silly registry.get     etag: '"RP1J43JY69FXYSFIQSKDCDXV"',
113 silly registry.get     vary: 'Accept' } ]
114 verbose etag istanbul from cache
115 http 304 https://registry.npmjs.org/ibrik
116 silly registry.get cb [ 304,
116 silly registry.get   { date: 'Sun, 26 Jan 2014 20:21:36 GMT',
116 silly registry.get     server: 'Apache',
116 silly registry.get     connection: 'Keep-Alive',
116 silly registry.get     'keep-alive': 'timeout=10, max=50',
116 silly registry.get     etag: '"6AR6XLOO5FU9XDUPMIOSWK5GJ"',
116 silly registry.get     vary: 'Accept' } ]
117 verbose etag ibrik from cache
118 silly addNameRange number 2 { name: 'dateformat',
118 silly addNameRange   range: '>=1.0.6-0 <1.1.0-0',
118 silly addNameRange   hasData: true }
119 silly addNameRange versions [ 'dateformat',
119 silly addNameRange   [ '0.9.0-1.2.3',
119 silly addNameRange     '1.0.0-1.2.3',
119 silly addNameRange     '1.0.1-1.2.3',
119 silly addNameRange     '1.0.2-1.2.3',
119 silly addNameRange     '1.0.3-1.2.3',
119 silly addNameRange     '1.0.4-1.2.3',
119 silly addNameRange     '1.0.5-1.2.3',
119 silly addNameRange     '1.0.6-1.2.3',
119 silly addNameRange     '1.0.7-1.2.3' ] ]
120 verbose addNamed [ 'dateformat', '1.0.7-1.2.3' ]
121 verbose addNamed [ '1.0.7-1.2.3', '1.0.7-1.2.3' ]
122 silly lockFile 066f9cb9-dateformat-1-0-7-1-2-3 dateformat@1.0.7-1.2.3
123 verbose lock dateformat@1.0.7-1.2.3 /var/lib/openshift/52e292c24382ec09e7000356/app-root/data/.npm/066f9cb9-dateformat-1-0-7-1-2-3.lock
124 silly addNameRange number 2 { name: 'istanbul', range: '>=0.1.45-0 <0.2.0-0', hasData: true }
125 silly addNameRange versions [ 'istanbul',
125 silly addNameRange   [ '0.1.0',
125 silly addNameRange     '0.1.1',
125 silly addNameRange     '0.1.2',
125 silly addNameRange     '0.1.3',
125 silly addNameRange     '0.1.4',
125 silly addNameRange     '0.1.5',
125 silly addNameRange     '0.1.6',
125 silly addNameRange     '0.1.7',
125 silly addNameRange     '0.1.8',
125 silly addNameRange     '0.1.9',
125 silly addNameRange     '0.1.10',
125 silly addNameRange     '0.1.11',
125 silly addNameRange     '0.1.12',
125 silly addNameRange     '0.1.13',
125 silly addNameRange     '0.1.14',
125 silly addNameRange     '0.1.15',
125 silly addNameRange     '0.1.16',
125 silly addNameRange     '0.1.17',
125 silly addNameRange     '0.1.18',
125 silly addNameRange     '0.1.19',
125 silly addNameRange     '0.1.20',
125 silly addNameRange     '0.1.21',
125 silly addNameRange     '0.1.22',
125 silly addNameRange     '0.1.23',
125 silly addNameRange     '0.1.24',
125 silly addNameRange     '0.1.25',
125 silly addNameRange     '0.1.26',
125 silly addNameRange     '0.1.27',
125 silly addNameRange     '0.1.28',
125 silly addNameRange     '0.1.29',
125 silly addNameRange     '0.1.30',
125 silly addNameRange     '0.1.31',
125 silly addNameRange     '0.1.32',
125 silly addNameRange     '0.1.33',
125 silly addNameRange     '0.1.34',
125 silly addNameRange     '0.1.35',
125 silly addNameRange     '0.1.36',
125 silly addNameRange     '0.1.37',
125 silly addNameRange     '0.1.38',
125 silly addNameRange     '0.1.39',
125 silly addNameRange     '0.1.40',
125 silly addNameRange     '0.1.41',
125 silly addNameRange     '0.1.42',
125 silly addNameRange     '0.1.43',
125 silly addNameRange     '0.1.44',
125 silly addNameRange     '0.1.45',
125 silly addNameRange     '0.1.46',
125 silly addNameRange     '0.2.0',
125 silly addNameRange     '0.2.1',
125 silly addNameRange     '0.2.2',
125 silly addNameRange     '0.2.3',
125 silly addNameRange     '0.2.4' ] ]
126 verbose addNamed [ 'istanbul', '0.1.46' ]
127 verbose addNamed [ '0.1.46', '0.1.46' ]
128 silly lockFile 0d8aeccf-istanbul-0-1-46 istanbul@0.1.46
129 verbose lock istanbul@0.1.46 /var/lib/openshift/52e292c24382ec09e7000356/app-root/data/.npm/0d8aeccf-istanbul-0-1-46.lock
130 silly addNameRange number 2 { name: 'ibrik', range: '>=1.0.1-0 <1.1.0-0', hasData: true }
131 silly addNameRange versions [ 'ibrik',
131 silly addNameRange   [ '0.0.1-dev',
131 silly addNameRange     '0.0.1',
131 silly addNameRange     '0.0.2',
131 silly addNameRange     '0.0.3',
131 silly addNameRange     '0.0.3-1',
131 silly addNameRange     '0.0.3-2',
131 silly addNameRange     '0.0.4',
131 silly addNameRange     '1.0.1' ] ]
132 verbose addNamed [ 'ibrik', '1.0.1' ]
133 verbose addNamed [ '1.0.1', '1.0.1' ]
134 silly lockFile eeb5b243-ibrik-1-0-1 ibrik@1.0.1
135 verbose lock ibrik@1.0.1 /var/lib/openshift/52e292c24382ec09e7000356/app-root/data/.npm/eeb5b243-ibrik-1-0-1.lock
136 silly lockFile 066f9cb9-dateformat-1-0-7-1-2-3 dateformat@1.0.7-1.2.3
137 silly lockFile 066f9cb9-dateformat-1-0-7-1-2-3 dateformat@1.0.7-1.2.3
138 silly lockFile 0d8aeccf-istanbul-0-1-46 istanbul@0.1.46
139 silly lockFile 0d8aeccf-istanbul-0-1-46 istanbul@0.1.46
140 silly lockFile 7bc67268-dateformat-1-0-6 dateformat@~1.0.6
141 silly lockFile 7bc67268-dateformat-1-0-6 dateformat@~1.0.6
142 silly lockFile e6699f3e-istanbul-0-1-45 istanbul@~0.1.45
143 silly lockFile e6699f3e-istanbul-0-1-45 istanbul@~0.1.45
144 silly lockFile eeb5b243-ibrik-1-0-1 ibrik@1.0.1
145 silly lockFile eeb5b243-ibrik-1-0-1 ibrik@1.0.1
146 silly lockFile 8268bf66-ibrik-1-0-1 ibrik@~1.0.1
147 silly lockFile 8268bf66-ibrik-1-0-1 ibrik@~1.0.1
148 silly resolved [ { name: 'dateformat',
148 silly resolved     description: 'A node.js package for Steven Levithan\'s excellent dateFormat() function.',
148 silly resolved     maintainers: 'Felix Geisendörfer <felix@debuggable.com>',
148 silly resolved     homepage: 'https://github.com/felixge/node-dateformat',
148 silly resolved     author: { name: 'Steven Levithan' },
148 silly resolved     contributors: [ [Object], [Object], [Object] ],
148 silly resolved     version: '1.0.7-1.2.3',
148 silly resolved     main: './lib/dateformat',
148 silly resolved     dependencies: {},
148 silly resolved     devDependencies: {},
148 silly resolved     engines: { node: '*' },
148 silly resolved     repository:
148 silly resolved      { type: 'git',
148 silly resolved        url: 'https://github.com/felixge/node-dateformat.git' },
148 silly resolved     readme: '# dateformat\n\nA node.js package for Steven Levithan\'s excellent [dateFormat()][dateformat] function.\n\n## Modifications\n\n* Removed the `Date.prototype.format` method. Sorry folks, but extending native prototypes is for suckers.\n* Added a `module.exports = dateFormat;` statement at the bottom\n* Added the placeholder `N` to get the ISO 8601 numeric representation of the day of the week\n\n## Installation\n\n```bash\n$ npm install dateformat\n```\n\n## Usage\n\nAs taken from Steven\'s post, modified to match the Modifications listed above:\n```js\n    var dateFormat = require(\'dateformat\');\n    var now = new Date();\n\n    // Basic usage\n    dateFormat(now, "dddd, mmmm dS, yyyy, h:MM:ss TT");\n    // Saturday, June 9th, 2007, 5:46:21 PM\n\n    // You can use one of several named masks\n    dateFormat(now, "isoDateTime");\n    // 2007-06-09T17:46:21\n\n    // ...Or add your own\n    dateFormat.masks.hammerTime = \'HH:MM! "Can\\\'t touch this!"\';\n    dateFormat(now, "hammerTime");\n    // 17:46! Can\'t touch this!\n\n    // When using the standalone dateFormat function,\n    // you can also provide the date as a string\n    dateFormat("Jun 9 2007", "fullDate");\n    // Saturday, June 9, 2007\n\n    // Note that if you don\'t include the mask argument,\n    // dateFormat.masks.default is used\n    dateFormat(now);\n    // Sat Jun 09 2007 17:46:21\n\n    // And if you don\'t include the date argument,\n    // the current date and time is used\n    dateFormat();\n    // Sat Jun 09 2007 17:46:22\n\n    // You can also skip the date argument (as long as your mask doesn\'t\n    // contain any numbers), in which case the current date/time is used\n    dateFormat("longTime");\n    // 5:46:22 PM EST\n\n    // And finally, you can convert local time to UTC time. Simply pass in\n    // true as an additional argument (no argument skipping allowed in this case):\n    dateFormat(now, "longTime", true);\n    // 10:46:21 PM UTC\n\n    // ...Or add the prefix "UTC:" or "GMT:" to your mask.\n    dateFormat(now, "UTC:h:MM:ss TT Z");\n    // 10:46:21 PM UTC\n\n    // You can also get the ISO 8601 week of the year:\n    dateFormat(now, "W");\n    // 42\n\n    // and also get the ISO 8601 numeric representation of the day of the week:\n    dateFormat(now,"N");\n    // 6\n```\n## License\n\n(c) 2007-2009 Steven Levithan [stevenlevithan.com][stevenlevithan], MIT license.\n\n[dateformat]: http://blog.stevenlevithan.com/archives/date-time-format\n[stevenlevithan]: http://stevenlevithan.com/\n',
148 silly resolved     readmeFilename: 'Readme.md',
148 silly resolved     bugs: { url: 'https://github.com/felixge/node-dateformat/issues' },
148 silly resolved     _id: 'dateformat@1.0.7-1.2.3',
148 silly resolved     _from: 'dateformat@~1.0.6' },
148 silly resolved   { name: 'istanbul',
148 silly resolved     version: '0.1.46',
148 silly resolved     description: 'Yet another JS code coverage tool that computes statement, line, function and branch coverage with module loader hooks to transparently add coverage when running tests. Supports all JS coverage use cases including unit tests, server side functional tests and browser tests. Built for scale',
148 silly resolved     keywords: [ 'coverage', 'code coverage', 'JS code coverage', 'JS coverage' ],
148 silly resolved     author:
148 silly resolved      { name: 'Krishnan Anantheswaran',
148 silly resolved        email: 'kananthmail-github@yahoo.com' },
148 silly resolved     contributors:
148 silly resolved      [ [Object],
148 silly resolved        [Object],
148 silly resolved        [Object],
148 silly resolved        [Object],
148 silly resolved        [Object],
148 silly resolved        [Object],
148 silly resolved        [Object],
148 silly resolved        [Object],
148 silly resolved        [Object],
148 silly resolved        [Object],
148 silly resolved        [Object],
148 silly resolved        [Object],
148 silly resolved        [Object],
148 silly resolved        [Object],
148 silly resolved        [Object] ],
148 silly resolved     preferGlobal: true,
148 silly resolved     scripts:
148 silly resolved      { pretest: 'jshint --config ./node_modules/yui-lint/jshint.json lib/*js lib/command/*js lib/report/*js lib/store/*js lib/util/*js test/*js test/instrumentation/*js test/cli/*js test/other/*js',
148 silly resolved        test: 'test/run.js',
148 silly resolved        posttest: 'node ./lib/cli.js check-coverage --statements 95 --branches 80',
148 silly resolved        docs: 'npm install yuidocjs && node node_modules/yuidocjs/lib/cli.js .' },
148 silly resolved     bin: { istanbul: './lib/cli.js' },
148 silly resolved     repository: { type: 'git', url: 'git://github.com/gotwarlost/istanbul.git' },
148 silly resolved     dependencies:
148 silly resolved      { esprima: '1.0.x',
148 silly resolved        escodegen: '0.0.23',
148 silly resolved        handlebars: '1.0.x',
148 silly resolved        mkdirp: '0.3.x',
148 silly resolved        nopt: '2.1.x',
148 silly resolved        fileset: '0.1.x',
148 silly resolved        which: '1.0.x',
148 silly resolved        async: '0.2.x',
148 silly resolved        abbrev: '1.0.x',
148 silly resolved        wordwrap: '0.0.x',
148 silly resolved        resolve: '0.5.x' },
148 silly resolved     devDependencies:
148 silly resolved      { rimraf: '*',
148 silly resolved        nodeunit: '*',
148 silly resolved        jshint: '*',
148 silly resolved        'yui-lint': '*',
148 silly resolved        requirejs: '2.x' },
148 silly resolved     readme: 'Istanbul - a JS code coverage tool written in JS\n================================================\n\n[![Build Status](https://secure.travis-ci.org/gotwarlost/istanbul.png)](http://travis-ci.org/gotwarlost/istanbul)\n[![Dependency Status](https://gemnasium.com/gotwarlost/istanbul.png)](https://gemnasium.com/gotwarlost/istanbul)\n\n[![NPM](https://nodei.co/npm/istanbul.png?downloads=true)](https://nodei.co/npm/istanbul/) \n\nFeatures\n--------\n\n* All-javascript instrumentation library that tracks **statement, branch,\nand function coverage** and reverse-engineers **line coverage** with 100% fidelity.\n* **Module loader hooks** to instrument code on the fly\n* **Command line tools** to run node unit tests "with coverage turned on" and no cooperation\nwhatsoever from the test runner\n* **HTML** and **LCOV** reporting.\n* Ability to use as **middleware** when serving JS files that need to be tested on the browser.\n* Can be used on the **command line** as well as a **library**\n* Based on the awesome `esprima` parser and the equally awesome `escodegen` code generator\n* Well-tested on node 0.4.x, 0.6.x, 0.8.x and the browser (instrumentation library only)\n\nInstalling\n----------\n\n    $ npm install -g istanbul\n\nGetting started\n---------------\n\nThe best way to see it in action is to run node unit tests. Say you have a test\nscript `test.js` that runs all tests for your node project without coverage.\n\nSimply:\n\n    $ cd /path/to/your/source/root\n    $ istanbul cover test.js\n\nand this should produce a `coverage.json`, `lcov.info` and `lcov-report/*html` under `./coverage`\n\nSample of code coverage reports produced by this tool (for this tool!):\n\n* [HTML reports](http://gotwarlost.github.com/istanbul/public/coverage/lcov-report/index.html)\n* [Standard LCOV reports](http://gotwarlost.github.com/istanbul/public/coverage/std-lcov/index.html) (using `genhtml` on the lcov trace file)\n\nUse cases\n---------\n\nSupports the following use cases and more\n\n* transparent coverage of nodejs unit tests\n* ability to use in an <code>npm test</code> script for conditional coverage\n* instrumentation of files in batch mode for browser tests (using yeti for example)\n* Server side code coverage for nodejs by embedding it as custom middleware\n\n\nThe command line\n----------------\n\n    $ istanbul help\n\ngives you detailed help on all commands.\n\nUsage: istanbul help <command>\n\nAvailable commands are:\n\n      check-coverage\n              checks overall coverage against thresholds from coverage JSON\n              files. Exits 1 if thresholds are not met, 0 otherwise\n\n\n      cover   transparently adds coverage information to a node command. Saves\n              coverage.json and reports at the end of execution\n\n\n      help    shows help\n\n\n      instrument\n              instruments a file or a directory tree and writes the\n              instrumented code to the desired output location\n\n\n      report  writes reports for coverage JSON objects produced in a previous\n              run\n\n\n      test    cover a node command only when npm_config_coverage is set. Use in\n              an `npm test` script for conditional coverage\n\n\nCommand names can be abbreviated as long as the abbreviation is unambiguous\n\nThe `cover` command\n-------------------\n\n    $ istanbul cover my-test-script.js -- my test args\n    # note the -- between the command name and the arguments to be passed\n\nThe `cover` command can be used to get a coverage object and reports for any arbitrary\nnode script. By default, coverage information is written under `./coverage` - this\ncan be changed using command-line options.\n\nThe `test` command\n-------------------\n\nThe `test` command has almost the same behavior as the `cover` command, except that\nit skips coverage unless the `npm_config_coverage` environment variable is set.\n\nThis helps you set up conditional coverage for tests. In this case you would\nhave a `package.json` that looks as follows.\n\n    {\n        "name": "my-awesome-lib",\n        "version": "1.0",\n        "script": {\n            "test": "istanbul test my-test-file.js"\n        }\n    }\n\nThen:\n\n    $ npm test # will run tests without coverage\n\nAnd:\n\n    $ npm test --coverage # will run tests with coverage\n\n**Note**: This needs `node 0.6` or better to work. `npm` for `node 0.4.x` does\nnot support the `--coverage` flag.\n\nThe `instrument` command\n------------------------\n\nInstruments a single JS file or an entire directory tree and produces an output directory tree with instrumented code. This should not be required for running node unit tests but is useful for tests to be run on the browser (using `yeti` for example).\n\nThe `report` command\n-------------------\n\nWrites reports using `coverage*.json` files as the source of coverage information. Reports are available in the following formats:\n\n* html - produces a bunch of HTML files with annotated source code\n* lcovonly - produces an lcov.info file\n* lcov - produces html + lcov files. This is the default format\n* cobertura - produces a cobertura-coverage.xml file for easy Hudson integration\n* text-summary - produces a compact text summary of coverage, typically to console\n* text - produces a detailed text table with coverage for all files\n* teamcity - produces service messages to report code coverage to TeamCity\n\nAdditional report formats may be plugged in at the library level.\n\nLibrary usage\n-------------\n\nAll the features of istanbul can be accessed as a library using its [public API](http://gotwarlost.github.com/istanbul/public/apidocs/index.html)\n\nChangelog\n---------\n\nChangelog has been moved [here](https://github.com/gotwarlost/istanbul/blob/master/CHANGELOG.md).\n\nLicense\n-------\n\nistanbul is licensed under the [BSD License](http://github.com/gotwarlost/istanbul/raw/master/LICENSE).\n\nThird-party libraries\n---------------------\n\nThe following third-party libraries are used by this module:\n\n* abbrev: https://github.com/isaacs/abbrev-js -  to handle command abbreviations\n* async: https://github.com/caolan/async - for parallel instrumentation of files\n* escodegen: https://github.com/Constellation/escodegen - for JS code generation\n* esprima: https://github.com/ariya/esprima - for JS parsing\n* fileset: https://github.com/mklabs/node-fileset - for loading and matching path expressions\n* handlebars: https://github.com/wycats/handlebars.js/ - for report template expansion\n* mkdirp: https://github.com/substack/node-mkdirp - to create output directories\n* nodeunit: https://github.com/caolan/nodeunit - dev dependency for unit tests\n* nopt: https://github.com/isaacs/nopt - for option parsing\n* resolve: https://github.com/substack/node-resolve - for resolving a post-require hook module name into its main file.\n* rimraf - https://github.com/isaacs/rimraf - dev dependency for unit tests\n* which: https://github.com/isaacs/node-which - to resolve a node command to a file for the `cover` command\n* wordwrap: https://github.com/substack/node-wordwrap - for prettier help\n* prettify: http://code.google.com/p/google-code-prettify/ - for syntax colored HTML reports. Files checked in under `lib/vendor/`\n\nInspired by\n-----------\n\n* YUI test coverage - https://github.com/yui/yuitest - the grand-daddy of JS coverage tools. Istanbul has been specifically designed to offer an alternative to this library with an easy migration path.\n* cover: https://github.com/itay/node-cover - the inspiration for the `cover` command, modeled after the `run` command in that tool. The coverage methodology used by istanbul is quite different, however\n\nShout out to\n------------\n\n   * [mfncooper](https://github.com/mfncooper) - for great brainstorming discussions\n   * [reid](https://github.com/reid), [davglass](https://github.com/davglass), the YUI dudes, for interesting conversations, encouragement, support and gentle pressure to get it done :)\n\nWhy the funky name?\n-------------------\n\nSince all the good ones are taken. Comes from the loose association of ideas across coverage, carpet-area coverage, the country that makes good carpets and so on...\n\n\n',
148 silly resolved     readmeFilename: 'README.md',
148 silly resolved     bugs: { url: 'https://github.com/gotwarlost/istanbul/issues' },
148 silly resolved     _id: 'istanbul@0.1.46',
148 silly resolved     _from: 'istanbul@~0.1.45' },
148 silly resolved   { name: 'ibrik',
148 silly resolved     description: 'CoffeeScript coverage tool',
148 silly resolved     homepage: 'https://github.com/Constellation/ibrik',
148 silly resolved     main: './lib/ibrik',
148 silly resolved     directories: { lib: './lib', tools: './tools' },
148 silly resolved     bin: { ibrik: './bin/ibrik' },
148 silly resolved     version: '1.0.1',
148 silly resolved     engines: { node: '>=0.4.0' },
148 silly resolved     maintainers: [ [Object] ],
148 silly resolved     repository: { type: 'git', url: 'git://github.com/Constellation/ibrik.git' },
148 silly resolved     dependencies:
148 silly resolved      { 'coffee-script-redux': 'git+https://github.com/michaelficarra/CoffeeScriptRedux.git#9895cd1641fdf3a2424e662ab7583726bb0e35b3',
148 silly resolved        istanbul: '*',
148 silly resolved        optimist: '*',
148 silly resolved        escodegen: '*',
148 silly resolved        mkdirp: '*',
148 silly resolved        which: '*',
148 silly resolved        estraverse: '*' },
148 silly resolved     devDependencies: { mocha: '*', chai: '*' },
148 silly resolved     licenses: [ [Object] ],
148 silly resolved     scripts: { test: 'mocha', build: 'make build', watch: 'make watch' },
148 silly resolved     readme: '## Ibrik - CoffeeScript meets Istanbul\n\nIbrik ([ibrik](http://github.com/Constellation/ibrik)) is\ncode coverage tool for CoffeeScript.\nIt uses [istanbul](https://github.com/gotwarlost/istanbul) and [CoffeeScriptRedux compiler](https://github.com/michaelficarra/CoffeeScriptRedux). Internally, it uses Mozilla JS AST as its IR.\n\n\n### Install\n\nibrik can be used in in a Node.js application via the package manager:\n\n    npm install -g ibrik\n\n\n### Usage\n\nlike this\n```sh\nibrik cover script.coffee\nistanbul report html\nopen coverage/index.html\n```\n\n### License\n\nCopyright (C) 2012 [Yusuke Suzuki](http://github.com/Constellation)\n (twitter: [@Constellation](http://twitter.com/Constellation)) and other contributors.\n\nRedistribution and use in source and binary forms, with or without\nmodification, are permitted provided that the following conditions are met:\n\n  * Redistributions of source code must retain the above copyright\n    notice, this list of conditions and the following disclaimer.\n\n  * Redistributions in binary form must reproduce the above copyright\n    notice, this list of conditions and the following disclaimer in the\n    documentation and/or other materials provided with the distribution.\n\nTHIS SOFTWARE IS PROVIDED BY THE COPYRIGHT HOLDERS AND CONTRIBUTORS "AS IS"\nAND ANY EXPRESS OR IMPLIED WARRANTIES, INCLUDING, BUT NOT LIMITED TO, THE\nIMPLIED WARRANTIES OF MERCHANTABILITY AND FITNESS FOR A PARTICULAR PURPOSE\nARE DISCLAIMED. IN NO EVENT SHALL <COPYRIGHT HOLDER> BE LIABLE FOR ANY\nDIRECT, INDIRECT, INCIDENTAL, SPECIAL, EXEMPLARY, OR CONSEQUENTIAL DAMAGES\n(INCLUDING, BUT NOT LIMITED TO, PROCUREMENT OF SUBSTITUTE GOODS OR SERVICES;\nLOSS OF USE, DATA, OR PROFITS; OR BUSINESS INTERRUPTION) HOWEVER CAUSED AND\nON ANY THEORY OF LIABILITY, WHETHER IN CONTRACT, STRICT LIABILITY, OR TORT\n(INCLUDING NEGLIGENCE OR OTHERWISE) ARISING IN ANY WAY OUT OF THE USE OF\nTHIS SOFTWARE, EVEN IF ADVISED OF THE POSSIBILITY OF SUCH DAMAGE.\n\n### Status\n\n[![Build Status](https://secure.travis-ci.org/Constellation/ibrik.png)](http://travis-ci.org/Constellation/ibrik)\n',
148 silly resolved     readmeFilename: 'README.md',
148 silly resolved     bugs: { url: 'https://github.com/Constellation/ibrik/issues' },
148 silly resolved     _id: 'ibrik@1.0.1',
148 silly resolved     _from: 'ibrik@~1.0.1' } ]
149 info install dateformat@1.0.7-1.2.3 into /var/lib/stickshift/52e292c24382ec09e7000356/app-root/data/750946/node_modules/karma-coverage
150 info install istanbul@0.1.46 into /var/lib/stickshift/52e292c24382ec09e7000356/app-root/data/750946/node_modules/karma-coverage
151 info install ibrik@1.0.1 into /var/lib/stickshift/52e292c24382ec09e7000356/app-root/data/750946/node_modules/karma-coverage
152 info installOne dateformat@1.0.7-1.2.3
153 info installOne istanbul@0.1.46
154 info installOne ibrik@1.0.1
155 info /var/lib/stickshift/52e292c24382ec09e7000356/app-root/data/750946/node_modules/karma-coverage/node_modules/dateformat unbuild
156 info /var/lib/stickshift/52e292c24382ec09e7000356/app-root/data/750946/node_modules/karma-coverage/node_modules/istanbul unbuild
157 info /var/lib/stickshift/52e292c24382ec09e7000356/app-root/data/750946/node_modules/karma-coverage/node_modules/ibrik unbuild
158 verbose tar unpack /var/lib/openshift/52e292c24382ec09e7000356/app-root/data/.npm/dateformat/1.0.7-1.2.3/package.tgz
159 silly lockFile 234674ed-coverage-node-modules-dateformat tar:///var/lib/stickshift/52e292c24382ec09e7000356/app-root/data/750946/node_modules/karma-coverage/node_modules/dateformat
160 verbose lock tar:///var/lib/stickshift/52e292c24382ec09e7000356/app-root/data/750946/node_modules/karma-coverage/node_modules/dateformat /var/lib/openshift/52e292c24382ec09e7000356/app-root/data/.npm/234674ed-coverage-node-modules-dateformat.lock
161 silly lockFile 9a77064f-teformat-1-0-7-1-2-3-package-tgz tar:///var/lib/openshift/52e292c24382ec09e7000356/app-root/data/.npm/dateformat/1.0.7-1.2.3/package.tgz
162 verbose lock tar:///var/lib/openshift/52e292c24382ec09e7000356/app-root/data/.npm/dateformat/1.0.7-1.2.3/package.tgz /var/lib/openshift/52e292c24382ec09e7000356/app-root/data/.npm/9a77064f-teformat-1-0-7-1-2-3-package-tgz.lock
163 verbose tar unpack /var/lib/openshift/52e292c24382ec09e7000356/app-root/data/.npm/istanbul/0.1.46/package.tgz
164 silly lockFile 45b54cf0-a-coverage-node-modules-istanbul tar:///var/lib/stickshift/52e292c24382ec09e7000356/app-root/data/750946/node_modules/karma-coverage/node_modules/istanbul
165 verbose lock tar:///var/lib/stickshift/52e292c24382ec09e7000356/app-root/data/750946/node_modules/karma-coverage/node_modules/istanbul /var/lib/openshift/52e292c24382ec09e7000356/app-root/data/.npm/45b54cf0-a-coverage-node-modules-istanbul.lock
166 silly lockFile c0f7a0b4--npm-istanbul-0-1-46-package-tgz tar:///var/lib/openshift/52e292c24382ec09e7000356/app-root/data/.npm/istanbul/0.1.46/package.tgz
167 verbose lock tar:///var/lib/openshift/52e292c24382ec09e7000356/app-root/data/.npm/istanbul/0.1.46/package.tgz /var/lib/openshift/52e292c24382ec09e7000356/app-root/data/.npm/c0f7a0b4--npm-istanbul-0-1-46-package-tgz.lock
168 verbose tar unpack /var/lib/openshift/52e292c24382ec09e7000356/app-root/data/.npm/ibrik/1.0.1/package.tgz
169 silly lockFile 92615525-arma-coverage-node-modules-ibrik tar:///var/lib/stickshift/52e292c24382ec09e7000356/app-root/data/750946/node_modules/karma-coverage/node_modules/ibrik
170 verbose lock tar:///var/lib/stickshift/52e292c24382ec09e7000356/app-root/data/750946/node_modules/karma-coverage/node_modules/ibrik /var/lib/openshift/52e292c24382ec09e7000356/app-root/data/.npm/92615525-arma-coverage-node-modules-ibrik.lock
171 silly lockFile 9ca5267e-data-npm-ibrik-1-0-1-package-tgz tar:///var/lib/openshift/52e292c24382ec09e7000356/app-root/data/.npm/ibrik/1.0.1/package.tgz
172 verbose lock tar:///var/lib/openshift/52e292c24382ec09e7000356/app-root/data/.npm/ibrik/1.0.1/package.tgz /var/lib/openshift/52e292c24382ec09e7000356/app-root/data/.npm/9ca5267e-data-npm-ibrik-1-0-1-package-tgz.lock
173 silly gunzTarPerm modes [ '755', '644' ]
174 silly gunzTarPerm modes [ '755', '644' ]
175 silly gunzTarPerm modes [ '755', '644' ]
176 silly gunzTarPerm extractEntry package.json
177 silly gunzTarPerm extractEntry package.json
178 silly gunzTarPerm extractEntry package.json
179 silly gunzTarPerm extractEntry README.md
180 silly gunzTarPerm extractEntry LICENSE.BSD
181 silly gunzTarPerm extractEntry LICENSE
182 silly gunzTarPerm extractEntry Readme.md
183 silly gunzTarPerm extractEntry README.md
184 silly gunzTarPerm extractEntry LICENSE
185 silly gunzTarPerm extractEntry Makefile
186 silly gunzTarPerm extractEntry bin/ibrik
187 silly gunzTarPerm extractEntry lib/dateformat.js
188 silly gunzTarPerm extractEntry test/basic.js
189 silly gunzTarPerm extractEntry test/test_dayofweek.js
190 silly gunzTarPerm extractEntry test/test_weekofyear.js
191 silly gunzTarPerm extractEntry test/test_weekofyear.sh
192 silly gunzTarPerm extractEntry index.js
193 silly gunzTarPerm extractEntry CHANGELOG.md
194 silly gunzTarPerm extractEntry lib/cli.js
195 silly gunzTarPerm extractEntry lib/register-plugins.js
196 silly gunzTarPerm extractEntry lib/hook.js
197 silly gunzTarPerm extractEntry lib/instrumenter.js
198 silly gunzTarPerm extractEntry lib/collector.js
199 silly gunzTarPerm extractEntry lib/object-utils.js
200 silly gunzTarPerm extractEntry lib/command/check-coverage.js
201 silly gunzTarPerm extractEntry lib/command/cover.js
202 silly gunzTarPerm extractEntry lib/command.js
203 silly gunzTarPerm extractEntry lib/cover.js
204 silly gunzTarPerm extractEntry lib/command/help.js
205 silly gunzTarPerm extractEntry lib/command/index.js
206 silly gunzTarPerm extractEntry lib/command/instrument.js
207 silly gunzTarPerm extractEntry lib/command/report.js
208 silly gunzTarPerm extractEntry lib/hook.js
209 silly lockFile 234674ed-coverage-node-modules-dateformat tar:///var/lib/stickshift/52e292c24382ec09e7000356/app-root/data/750946/node_modules/karma-coverage/node_modules/dateformat
210 silly lockFile 234674ed-coverage-node-modules-dateformat tar:///var/lib/stickshift/52e292c24382ec09e7000356/app-root/data/750946/node_modules/karma-coverage/node_modules/dateformat
211 silly lockFile 9a77064f-teformat-1-0-7-1-2-3-package-tgz tar:///var/lib/openshift/52e292c24382ec09e7000356/app-root/data/.npm/dateformat/1.0.7-1.2.3/package.tgz
212 silly lockFile 9a77064f-teformat-1-0-7-1-2-3-package-tgz tar:///var/lib/openshift/52e292c24382ec09e7000356/app-root/data/.npm/dateformat/1.0.7-1.2.3/package.tgz
213 info preinstall dateformat@1.0.7-1.2.3
214 silly gunzTarPerm extractEntry lib/ibrik.js
215 silly gunzTarPerm extractEntry lib/instrumenter.js
216 verbose readDependencies using package.json deps
217 verbose readDependencies using package.json deps
218 silly resolved []
219 verbose about to build /var/lib/stickshift/52e292c24382ec09e7000356/app-root/data/750946/node_modules/karma-coverage/node_modules/dateformat
220 info build /var/lib/stickshift/52e292c24382ec09e7000356/app-root/data/750946/node_modules/karma-coverage/node_modules/dateformat
221 verbose linkStuff [ false,
221 verbose linkStuff   false,
221 verbose linkStuff   false,
221 verbose linkStuff   '/var/lib/stickshift/52e292c24382ec09e7000356/app-root/data/750946/node_modules/karma-coverage/node_modules' ]
222 info linkStuff dateformat@1.0.7-1.2.3
223 verbose linkBins dateformat@1.0.7-1.2.3
224 verbose linkMans dateformat@1.0.7-1.2.3
225 verbose rebuildBundles dateformat@1.0.7-1.2.3
226 info install dateformat@1.0.7-1.2.3
227 info postinstall dateformat@1.0.7-1.2.3
228 silly gunzTarPerm extractEntry lib/report.js
229 silly gunzTarPerm extractEntry tools/watch.coffee
230 silly gunzTarPerm extractEntry lib/command/test.js
231 silly gunzTarPerm extractEntry lib/command/common/run-with-cover.js
232 silly gunzTarPerm extractEntry lib/report/cobertura.js
233 silly gunzTarPerm extractEntry lib/report/index.js
234 silly gunzTarPerm extractEntry lib/report/json.js
235 silly gunzTarPerm extractEntry lib/report/lcov.js
236 silly gunzTarPerm extractEntry lib/report/html.js
237 silly gunzTarPerm extractEntry lib/report/none.js
238 silly gunzTarPerm extractEntry lib/report/teamcity.js
239 silly gunzTarPerm extractEntry lib/report/text-summary.js
240 silly gunzTarPerm extractEntry lib/report/text.js
241 silly gunzTarPerm extractEntry lib/report/lcovonly.js
242 silly gunzTarPerm extractEntry lib/report/templates/foot.txt
243 silly gunzTarPerm extractEntry lib/report/templates/head.txt
244 silly gunzTarPerm extractEntry lib/store/fslookup.js
245 silly gunzTarPerm extractEntry lib/store/index.js
246 silly gunzTarPerm extractEntry lib/store/memory.js
247 silly gunzTarPerm extractEntry lib/store/tmp.js
248 silly gunzTarPerm extractEntry lib/util/factory.js
249 silly gunzTarPerm extractEntry lib/util/file-writer.js
250 silly gunzTarPerm extractEntry lib/util/flow-control.js
251 silly gunzTarPerm extractEntry lib/util/help-formatter.js
252 silly lockFile 92615525-arma-coverage-node-modules-ibrik tar:///var/lib/stickshift/52e292c24382ec09e7000356/app-root/data/750946/node_modules/karma-coverage/node_modules/ibrik
253 silly lockFile 92615525-arma-coverage-node-modules-ibrik tar:///var/lib/stickshift/52e292c24382ec09e7000356/app-root/data/750946/node_modules/karma-coverage/node_modules/ibrik
254 silly lockFile 9ca5267e-data-npm-ibrik-1-0-1-package-tgz tar:///var/lib/openshift/52e292c24382ec09e7000356/app-root/data/.npm/ibrik/1.0.1/package.tgz
255 silly lockFile 9ca5267e-data-npm-ibrik-1-0-1-package-tgz tar:///var/lib/openshift/52e292c24382ec09e7000356/app-root/data/.npm/ibrik/1.0.1/package.tgz
256 info preinstall ibrik@1.0.1
257 verbose readDependencies using package.json deps
258 silly gunzTarPerm extractEntry lib/util/file-matcher.js
259 silly gunzTarPerm extractEntry lib/util/insertion-text.js
260 verbose readDependencies using package.json deps
261 verbose cache add [ 'coffee-script-redux@git+https://github.com/michaelficarra/CoffeeScriptRedux.git#9895cd1641fdf3a2424e662ab7583726bb0e35b3',
261 verbose cache add   null ]
262 verbose cache add name=undefined spec="coffee-script-redux@git+https://github.com/michaelficarra/CoffeeScriptRedux.git#9895cd1641fdf3a2424e662ab7583726bb0e35b3" args=["coffee-script-redux@git+https://github.com/michaelficarra/CoffeeScriptRedux.git#9895cd1641fdf3a2424e662ab7583726bb0e35b3",null]
263 verbose parsed url { protocol: null,
263 verbose parsed url   slashes: null,
263 verbose parsed url   auth: null,
263 verbose parsed url   host: null,
263 verbose parsed url   port: null,
263 verbose parsed url   hostname: null,
263 verbose parsed url   hash: '#9895cd1641fdf3a2424e662ab7583726bb0e35b3',
263 verbose parsed url   search: null,
263 verbose parsed url   query: null,
263 verbose parsed url   pathname: 'coffee-script-redux@git+https://github.com/michaelficarra/CoffeeScriptRedux.git',
263 verbose parsed url   path: 'coffee-script-redux@git+https://github.com/michaelficarra/CoffeeScriptRedux.git',
263 verbose parsed url   href: 'coffee-script-redux@git+https://github.com/michaelficarra/CoffeeScriptRedux.git#9895cd1641fdf3a2424e662ab7583726bb0e35b3' }
264 verbose cache add name="coffee-script-redux" spec="git+https://github.com/michaelficarra/CoffeeScriptRedux.git#9895cd1641fdf3a2424e662ab7583726bb0e35b3" args=["coffee-script-redux","git+https://github.com/michaelficarra/CoffeeScriptRedux.git#9895cd1641fdf3a2424e662ab7583726bb0e35b3"]
265 verbose parsed url { protocol: 'git+https:',
265 verbose parsed url   slashes: true,
265 verbose parsed url   auth: null,
265 verbose parsed url   host: 'github.com',
265 verbose parsed url   port: null,
265 verbose parsed url   hostname: 'github.com',
265 verbose parsed url   hash: '#9895cd1641fdf3a2424e662ab7583726bb0e35b3',
265 verbose parsed url   search: null,
265 verbose parsed url   query: null,
265 verbose parsed url   pathname: '/michaelficarra/CoffeeScriptRedux.git',
265 verbose parsed url   path: '/michaelficarra/CoffeeScriptRedux.git',
265 verbose parsed url   href: 'git+https://github.com/michaelficarra/CoffeeScriptRedux.git#9895cd1641fdf3a2424e662ab7583726bb0e35b3' }
266 silly lockFile d3428e98-41fdf3a2424e662ab7583726bb0e35b3 git+https://github.com/michaelficarra/CoffeeScriptRedux.git#9895cd1641fdf3a2424e662ab7583726bb0e35b3
267 verbose lock git+https://github.com/michaelficarra/CoffeeScriptRedux.git#9895cd1641fdf3a2424e662ab7583726bb0e35b3 /var/lib/openshift/52e292c24382ec09e7000356/app-root/data/.npm/d3428e98-41fdf3a2424e662ab7583726bb0e35b3.lock
268 verbose cache add [ 'optimist@*', null ]
269 verbose cache add name=undefined spec="optimist@*" args=["optimist@*",null]
270 verbose parsed url { protocol: null,
270 verbose parsed url   slashes: null,
270 verbose parsed url   auth: null,
270 verbose parsed url   host: null,
270 verbose parsed url   port: null,
270 verbose parsed url   hostname: null,
270 verbose parsed url   hash: null,
270 verbose parsed url   search: null,
270 verbose parsed url   query: null,
270 verbose parsed url   pathname: 'optimist@*',
270 verbose parsed url   path: 'optimist@*',
270 verbose parsed url   href: 'optimist@*' }
271 verbose cache add name="optimist" spec="*" args=["optimist","*"]
272 verbose parsed url { protocol: null,
272 verbose parsed url   slashes: null,
272 verbose parsed url   auth: null,
272 verbose parsed url   host: null,
272 verbose parsed url   port: null,
272 verbose parsed url   hostname: null,
272 verbose parsed url   hash: null,
272 verbose parsed url   search: null,
272 verbose parsed url   query: null,
272 verbose parsed url   pathname: '*',
272 verbose parsed url   path: '*',
272 verbose parsed url   href: '*' }
273 verbose addNamed [ 'optimist', '*' ]
274 verbose addNamed [ null, '*' ]
275 silly lockFile 942cd351-optimist optimist@*
276 verbose lock optimist@* /var/lib/openshift/52e292c24382ec09e7000356/app-root/data/.npm/942cd351-optimist.lock
277 verbose cache add [ 'escodegen@*', null ]
278 verbose cache add name=undefined spec="escodegen@*" args=["escodegen@*",null]
279 verbose parsed url { protocol: null,
279 verbose parsed url   slashes: null,
279 verbose parsed url   auth: null,
279 verbose parsed url   host: null,
279 verbose parsed url   port: null,
279 verbose parsed url   hostname: null,
279 verbose parsed url   hash: null,
279 verbose parsed url   search: null,
279 verbose parsed url   query: null,
279 verbose parsed url   pathname: 'escodegen@*',
279 verbose parsed url   path: 'escodegen@*',
279 verbose parsed url   href: 'escodegen@*' }
280 verbose cache add name="escodegen" spec="*" args=["escodegen","*"]
281 verbose parsed url { protocol: null,
281 verbose parsed url   slashes: null,
281 verbose parsed url   auth: null,
281 verbose parsed url   host: null,
281 verbose parsed url   port: null,
281 verbose parsed url   hostname: null,
281 verbose parsed url   hash: null,
281 verbose parsed url   search: null,
281 verbose parsed url   query: null,
281 verbose parsed url   pathname: '*',
281 verbose parsed url   path: '*',
281 verbose parsed url   href: '*' }
282 verbose addNamed [ 'escodegen', '*' ]
283 verbose addNamed [ null, '*' ]
284 silly lockFile 597aae0b-escodegen escodegen@*
285 verbose lock escodegen@* /var/lib/openshift/52e292c24382ec09e7000356/app-root/data/.npm/597aae0b-escodegen.lock
286 verbose cache add [ 'mkdirp@*', null ]
287 verbose cache add name=undefined spec="mkdirp@*" args=["mkdirp@*",null]
288 verbose parsed url { protocol: null,
288 verbose parsed url   slashes: null,
288 verbose parsed url   auth: null,
288 verbose parsed url   host: null,
288 verbose parsed url   port: null,
288 verbose parsed url   hostname: null,
288 verbose parsed url   hash: null,
288 verbose parsed url   search: null,
288 verbose parsed url   query: null,
288 verbose parsed url   pathname: 'mkdirp@*',
288 verbose parsed url   path: 'mkdirp@*',
288 verbose parsed url   href: 'mkdirp@*' }
289 verbose cache add name="mkdirp" spec="*" args=["mkdirp","*"]
290 verbose parsed url { protocol: null,
290 verbose parsed url   slashes: null,
290 verbose parsed url   auth: null,
290 verbose parsed url   host: null,
290 verbose parsed url   port: null,
290 verbose parsed url   hostname: null,
290 verbose parsed url   hash: null,
290 verbose parsed url   search: null,
290 verbose parsed url   query: null,
290 verbose parsed url   pathname: '*',
290 verbose parsed url   path: '*',
290 verbose parsed url   href: '*' }
291 verbose addNamed [ 'mkdirp', '*' ]
292 verbose addNamed [ null, '*' ]
293 silly lockFile 49c57f5b-mkdirp mkdirp@*
294 verbose lock mkdirp@* /var/lib/openshift/52e292c24382ec09e7000356/app-root/data/.npm/49c57f5b-mkdirp.lock
295 verbose cache add [ 'which@*', null ]
296 verbose cache add name=undefined spec="which@*" args=["which@*",null]
297 verbose parsed url { protocol: null,
297 verbose parsed url   slashes: null,
297 verbose parsed url   auth: null,
297 verbose parsed url   host: null,
297 verbose parsed url   port: null,
297 verbose parsed url   hostname: null,
297 verbose parsed url   hash: null,
297 verbose parsed url   search: null,
297 verbose parsed url   query: null,
297 verbose parsed url   pathname: 'which@*',
297 verbose parsed url   path: 'which@*',
297 verbose parsed url   href: 'which@*' }
298 verbose cache add name="which" spec="*" args=["which","*"]
299 verbose parsed url { protocol: null,
299 verbose parsed url   slashes: null,
299 verbose parsed url   auth: null,
299 verbose parsed url   host: null,
299 verbose parsed url   port: null,
299 verbose parsed url   hostname: null,
299 verbose parsed url   hash: null,
299 verbose parsed url   search: null,
299 verbose parsed url   query: null,
299 verbose parsed url   pathname: '*',
299 verbose parsed url   path: '*',
299 verbose parsed url   href: '*' }
300 verbose addNamed [ 'which', '*' ]
301 verbose addNamed [ null, '*' ]
302 silly lockFile a275e88c-which which@*
303 verbose lock which@* /var/lib/openshift/52e292c24382ec09e7000356/app-root/data/.npm/a275e88c-which.lock
304 verbose cache add [ 'estraverse@*', null ]
305 verbose cache add name=undefined spec="estraverse@*" args=["estraverse@*",null]
306 verbose parsed url { protocol: null,
306 verbose parsed url   slashes: null,
306 verbose parsed url   auth: null,
306 verbose parsed url   host: null,
306 verbose parsed url   port: null,
306 verbose parsed url   hostname: null,
306 verbose parsed url   hash: null,
306 verbose parsed url   search: null,
306 verbose parsed url   query: null,
306 verbose parsed url   pathname: 'estraverse@*',
306 verbose parsed url   path: 'estraverse@*',
306 verbose parsed url   href: 'estraverse@*' }
307 verbose cache add name="estraverse" spec="*" args=["estraverse","*"]
308 verbose parsed url { protocol: null,
308 verbose parsed url   slashes: null,
308 verbose parsed url   auth: null,
308 verbose parsed url   host: null,
308 verbose parsed url   port: null,
308 verbose parsed url   hostname: null,
308 verbose parsed url   hash: null,
308 verbose parsed url   search: null,
308 verbose parsed url   query: null,
308 verbose parsed url   pathname: '*',
308 verbose parsed url   path: '*',
308 verbose parsed url   href: '*' }
309 verbose addNamed [ 'estraverse', '*' ]
310 verbose addNamed [ null, '*' ]
311 silly lockFile 771f3482-estraverse estraverse@*
312 verbose lock estraverse@* /var/lib/openshift/52e292c24382ec09e7000356/app-root/data/.npm/771f3482-estraverse.lock
313 silly addNameRange { name: 'optimist', range: '*', hasData: false }
314 silly addNameRange { name: 'escodegen', range: '*', hasData: false }
315 silly addNameRange { name: 'mkdirp', range: '*', hasData: false }
316 verbose url raw optimist
317 verbose url resolving [ 'https://registry.npmjs.org/', './optimist' ]
318 verbose url resolved https://registry.npmjs.org/optimist
319 info trying registry request attempt 1 at 15:21:42
320 verbose etag "8J1ZQN0NMWOJSX9IILO0VQH2R"
321 http GET https://registry.npmjs.org/optimist
322 verbose url raw escodegen
323 verbose url resolving [ 'https://registry.npmjs.org/', './escodegen' ]
324 verbose url resolved https://registry.npmjs.org/escodegen
325 info trying registry request attempt 1 at 15:21:42
326 verbose etag "7J4ZAOF720LIQPWE64CZTX17M"
327 http GET https://registry.npmjs.org/escodegen
328 verbose url raw mkdirp
329 verbose url resolving [ 'https://registry.npmjs.org/', './mkdirp' ]
330 verbose url resolved https://registry.npmjs.org/mkdirp
331 info trying registry request attempt 1 at 15:21:42
332 verbose etag "8SWDX67LQ4MSP61N74G5H2SFQ"
333 http GET https://registry.npmjs.org/mkdirp
334 silly addNameRange { name: 'estraverse', range: '*', hasData: false }
335 silly addNameRange { name: 'which', range: '*', hasData: false }
336 verbose addRemoteGit [ 'https://github.com/michaelficarra/CoffeeScriptRedux.git',
336 verbose addRemoteGit   '9895cd1641fdf3a2424e662ab7583726bb0e35b3' ]
337 warn `git config --get remote.origin.url` returned wrong result (https://github.com/michaelficarra/CoffeeScriptRedux.git)
338 verbose url raw which
339 verbose url resolving [ 'https://registry.npmjs.org/', './which' ]
340 verbose url resolved https://registry.npmjs.org/which
341 info trying registry request attempt 1 at 15:21:42
342 verbose etag "1RQ6Y8IHKG4ELAAOHF59A9HG1"
343 http GET https://registry.npmjs.org/which
344 verbose url raw estraverse
345 verbose url resolving [ 'https://registry.npmjs.org/', './estraverse' ]
346 verbose url resolved https://registry.npmjs.org/estraverse
347 info trying registry request attempt 1 at 15:21:42
348 verbose etag "AVAYLEV7CVPG860JK2JQ2NRFW"
349 http GET https://registry.npmjs.org/estraverse
350 http 304 https://registry.npmjs.org/mkdirp
351 silly registry.get cb [ 304,
351 silly registry.get   { date: 'Sun, 26 Jan 2014 20:21:42 GMT',
351 silly registry.get     server: 'Apache',
351 silly registry.get     connection: 'Keep-Alive',
351 silly registry.get     'keep-alive': 'timeout=10, max=50',
351 silly registry.get     etag: '"8SWDX67LQ4MSP61N74G5H2SFQ"',
351 silly registry.get     vary: 'Accept' } ]
352 verbose etag mkdirp from cache
353 http 304 https://registry.npmjs.org/escodegen
354 silly registry.get cb [ 304,
354 silly registry.get   { date: 'Sun, 26 Jan 2014 20:21:42 GMT',
354 silly registry.get     server: 'Apache',
354 silly registry.get     connection: 'Keep-Alive',
354 silly registry.get     'keep-alive': 'timeout=10, max=50',
354 silly registry.get     etag: '"7J4ZAOF720LIQPWE64CZTX17M"',
354 silly registry.get     vary: 'Accept' } ]
355 verbose etag escodegen from cache
356 http 304 https://registry.npmjs.org/optimist
357 silly registry.get cb [ 304,
357 silly registry.get   { date: 'Sun, 26 Jan 2014 20:21:42 GMT',
357 silly registry.get     server: 'Apache',
357 silly registry.get     connection: 'Keep-Alive',
357 silly registry.get     'keep-alive': 'timeout=10, max=50',
357 silly registry.get     etag: '"8J1ZQN0NMWOJSX9IILO0VQH2R"',
357 silly registry.get     vary: 'Accept' } ]
358 verbose etag optimist from cache
359 silly gunzTarPerm extractEntry lib/util/meta.js
360 silly gunzTarPerm extractEntry lib/util/tree-summarizer.js
361 error git clone https://github.com/michaelficarra/CoffeeScriptRedux.git
362 silly lockFile 0413540b-aelficarra-CoffeeScriptRedux-git https://github.com/michaelficarra/CoffeeScriptRedux.git
363 verbose about to build /var/lib/stickshift/52e292c24382ec09e7000356/app-root/data/750946/node_modules/karma-coverage/node_modules/ibrik
364 info /var/lib/stickshift/52e292c24382ec09e7000356/app-root/data/750946/node_modules/karma-coverage/node_modules/ibrik unbuild
365 info preuninstall ibrik@1.0.1
366 silly addNameRange number 2 { name: 'mkdirp', range: '*', hasData: true }
367 silly addNameRange versions [ 'mkdirp',
367 silly addNameRange   [ '0.0.1',
367 silly addNameRange     '0.0.2',
367 silly addNameRange     '0.0.3',
367 silly addNameRange     '0.0.4',
367 silly addNameRange     '0.0.5',
367 silly addNameRange     '0.0.6',
367 silly addNameRange     '0.0.7',
367 silly addNameRange     '0.1.0',
367 silly addNameRange     '0.2.0',
367 silly addNameRange     '0.2.1',
367 silly addNameRange     '0.2.2',
367 silly addNameRange     '0.3.0',
367 silly addNameRange     '0.3.1',
367 silly addNameRange     '0.3.2',
367 silly addNameRange     '0.3.3',
367 silly addNameRange     '0.3.4',
367 silly addNameRange     '0.3.5' ] ]
368 verbose addNamed [ 'mkdirp', '0.3.5' ]
369 verbose addNamed [ '0.3.5', '0.3.5' ]
370 silly lockFile 67d2df2a-mkdirp-0-3-5 mkdirp@0.3.5
371 verbose lock mkdirp@0.3.5 /var/lib/openshift/52e292c24382ec09e7000356/app-root/data/.npm/67d2df2a-mkdirp-0-3-5.lock
372 silly addNameRange number 2 { name: 'escodegen', range: '*', hasData: true }
373 silly addNameRange versions [ 'escodegen',
373 silly addNameRange   [ '0.0.1',
373 silly addNameRange     '0.0.2',
373 silly addNameRange     '0.0.3',
373 silly addNameRange     '0.0.4',
373 silly addNameRange     '0.0.5',
373 silly addNameRange     '0.0.6',
373 silly addNameRange     '0.0.7',
373 silly addNameRange     '0.0.8',
373 silly addNameRange     '0.0.9',
373 silly addNameRange     '0.0.10',
373 silly addNameRange     '0.0.11',
373 silly addNameRange     '0.0.12',
373 silly addNameRange     '0.0.14',
373 silly addNameRange     '0.0.15',
373 silly addNameRange     '0.0.16',
373 silly addNameRange     '0.0.17',
373 silly addNameRange     '0.0.18',
373 silly addNameRange     '0.0.19',
373 silly addNameRange     '0.0.20',
373 silly addNameRange     '0.0.21',
373 silly addNameRange     '0.0.22',
373 silly addNameRange     '0.0.23',
373 silly addNameRange     '0.0.24',
373 silly addNameRange     '0.0.25',
373 silly addNameRange     '0.0.26',
373 silly addNameRange     '0.0.27',
373 silly addNameRange     '0.0.28',
373 silly addNameRange     '1.0.0',
373 silly addNameRange     '1.0.1',
373 silly addNameRange     '1.1.0' ] ]
374 verbose addNamed [ 'escodegen', '1.1.0' ]
375 verbose addNamed [ '1.1.0', '1.1.0' ]
376 silly lockFile 48f7949f-escodegen-1-1-0 escodegen@1.1.0
377 verbose lock escodegen@1.1.0 /var/lib/openshift/52e292c24382ec09e7000356/app-root/data/.npm/48f7949f-escodegen-1-1-0.lock
378 info uninstall ibrik@1.0.1
379 silly addNameRange number 2 { name: 'optimist', range: '*', hasData: true }
380 silly addNameRange versions [ 'optimist',
380 silly addNameRange   [ '0.0.1',
380 silly addNameRange     '0.0.2',
380 silly addNameRange     '0.0.4',
380 silly addNameRange     '0.0.5',
380 silly addNameRange     '0.0.6',
380 silly addNameRange     '0.0.7',
380 silly addNameRange     '0.1.0',
380 silly addNameRange     '0.1.1',
380 silly addNameRange     '0.1.2',
380 silly addNameRange     '0.1.3',
380 silly addNameRange     '0.1.4',
380 silly addNameRange     '0.1.5',
380 silly addNameRange     '0.1.6',
380 silly addNameRange     '0.1.7',
380 silly addNameRange     '0.1.8',
380 silly addNameRange     '0.1.9',
380 silly addNameRange     '0.0.3',
380 silly addNameRange     '0.2.0',
380 silly addNameRange     '0.2.1',
380 silly addNameRange     '0.2.2',
380 silly addNameRange     '0.2.3',
380 silly addNameRange     '0.2.4',
380 silly addNameRange     '0.2.5',
380 silly addNameRange     '0.2.6',
380 silly addNameRange     '0.2.7',
380 silly addNameRange     '0.2.8',
380 silly addNameRange     '0.3.0',
380 silly addNameRange     '0.3.1',
380 silly addNameRange     '0.3.3',
380 silly addNameRange     '0.3.4',
380 silly addNameRange     '0.3.5',
380 silly addNameRange     '0.3.6',
380 silly addNameRange     '0.3.7',
380 silly addNameRange     '0.4.0',
380 silly addNameRange     '0.5.0',
380 silly addNameRange     '0.5.1',
380 silly addNameRange     '0.5.2',
380 silly addNameRange     '0.6.0' ] ]
381 verbose addNamed [ 'optimist', '0.6.0' ]
382 verbose addNamed [ '0.6.0', '0.6.0' ]
383 silly lockFile 6403b4d6-optimist-0-6-0 optimist@0.6.0
384 verbose lock optimist@0.6.0 /var/lib/openshift/52e292c24382ec09e7000356/app-root/data/.npm/6403b4d6-optimist-0-6-0.lock
385 http 304 https://registry.npmjs.org/which
386 silly registry.get cb [ 304,
386 silly registry.get   { date: 'Sun, 26 Jan 2014 20:21:43 GMT',
386 silly registry.get     server: 'Apache',
386 silly registry.get     connection: 'Keep-Alive',
386 silly registry.get     'keep-alive': 'timeout=10, max=50',
386 silly registry.get     etag: '"1RQ6Y8IHKG4ELAAOHF59A9HG1"',
386 silly registry.get     vary: 'Accept' } ]
387 verbose etag which from cache
388 http 304 https://registry.npmjs.org/estraverse
389 silly registry.get cb [ 304,
389 silly registry.get   { date: 'Sun, 26 Jan 2014 20:21:43 GMT',
389 silly registry.get     server: 'Apache',
389 silly registry.get     connection: 'Keep-Alive',
389 silly registry.get     'keep-alive': 'timeout=10, max=50',
389 silly registry.get     etag: '"AVAYLEV7CVPG860JK2JQ2NRFW"',
389 silly registry.get     vary: 'Accept' } ]
390 verbose etag estraverse from cache
391 verbose false,/var/lib/stickshift/52e292c24382ec09e7000356/app-root/data/750946/node_modules,/var/lib/stickshift/52e292c24382ec09e7000356/app-root/data/750946/node_modules/karma-coverage/node_modules unbuild ibrik@1.0.1
392 verbose /var/lib/stickshift/52e292c24382ec09e7000356/app-root/data/750946/node_modules/karma-coverage/node_modules/.bin,[object Object] binRoot
393 info postuninstall ibrik@1.0.1
394 silly gunzTarPerm extractEntry lib/util/writer.js
395 silly gunzTarPerm extractEntry lib/util/yui-load-hook.js
396 silly addNameRange number 2 { name: 'which', range: '*', hasData: true }
397 silly addNameRange versions [ 'which', [ '1.0.0', '1.0.1', '1.0.2', '1.0.3', '1.0.5' ] ]
398 verbose addNamed [ 'which', '1.0.5' ]
399 verbose addNamed [ '1.0.5', '1.0.5' ]
400 silly lockFile 4aed4494-which-1-0-5 which@1.0.5
401 verbose lock which@1.0.5 /var/lib/openshift/52e292c24382ec09e7000356/app-root/data/.npm/4aed4494-which-1-0-5.lock
402 silly addNameRange number 2 { name: 'estraverse', range: '*', hasData: true }
403 silly addNameRange versions [ 'estraverse',
403 silly addNameRange   [ '0.0.1',
403 silly addNameRange     '0.0.2',
403 silly addNameRange     '0.0.3',
403 silly addNameRange     '0.0.4',
403 silly addNameRange     '1.0.0',
403 silly addNameRange     '1.1.0',
403 silly addNameRange     '1.1.1',
403 silly addNameRange     '1.1.2-1',
403 silly addNameRange     '1.2.0',
403 silly addNameRange     '1.3.0',
403 silly addNameRange     '1.3.1',
403 silly addNameRange     '1.3.2',
403 silly addNameRange     '1.4.0',
403 silly addNameRange     '1.5.0' ] ]
404 verbose addNamed [ 'estraverse', '1.5.0' ]
405 verbose addNamed [ '1.5.0', '1.5.0' ]
406 silly lockFile cdb9b619-estraverse-1-5-0 estraverse@1.5.0
407 verbose lock estraverse@1.5.0 /var/lib/openshift/52e292c24382ec09e7000356/app-root/data/.npm/cdb9b619-estraverse-1-5-0.lock
408 silly lockFile 67d2df2a-mkdirp-0-3-5 mkdirp@0.3.5
409 silly lockFile 67d2df2a-mkdirp-0-3-5 mkdirp@0.3.5
410 silly lockFile 48f7949f-escodegen-1-1-0 escodegen@1.1.0
411 silly lockFile 48f7949f-escodegen-1-1-0 escodegen@1.1.0
412 silly lockFile 49c57f5b-mkdirp mkdirp@*
413 silly lockFile 49c57f5b-mkdirp mkdirp@*
414 silly lockFile 6403b4d6-optimist-0-6-0 optimist@0.6.0
415 silly lockFile 6403b4d6-optimist-0-6-0 optimist@0.6.0
416 silly lockFile 597aae0b-escodegen escodegen@*
417 silly lockFile 597aae0b-escodegen escodegen@*
418 silly lockFile 942cd351-optimist optimist@*
419 silly lockFile 942cd351-optimist optimist@*
420 verbose about to build /var/lib/stickshift/52e292c24382ec09e7000356/app-root/data/750946/node_modules/karma-coverage
421 info /var/lib/stickshift/52e292c24382ec09e7000356/app-root/data/750946/node_modules/karma-coverage unbuild
422 info preuninstall karma-coverage@0.1.4
423 info uninstall karma-coverage@0.1.4
424 silly gunzTarPerm extractEntry lib/util/input-error.js
425 silly gunzTarPerm extractEntry lib/vendor/prettify.js
426 verbose true,/var/lib/stickshift/52e292c24382ec09e7000356/app-root/data/750946/node_modules,/var/lib/stickshift/52e292c24382ec09e7000356/app-root/data/750946/node_modules unbuild karma-coverage@0.1.4
427 info postuninstall karma-coverage@0.1.4
428 silly lockFile 4aed4494-which-1-0-5 which@1.0.5
429 silly lockFile 4aed4494-which-1-0-5 which@1.0.5
430 silly lockFile cdb9b619-estraverse-1-5-0 estraverse@1.5.0
431 silly lockFile cdb9b619-estraverse-1-5-0 estraverse@1.5.0
432 silly lockFile a275e88c-which which@*
433 silly lockFile a275e88c-which which@*
434 silly lockFile 771f3482-estraverse estraverse@*
435 silly lockFile 771f3482-estraverse estraverse@*
436 silly gunzTarPerm extractEntry lib/vendor/prettify.css
437 silly gunzTarPerm extractEntry test/cli-helper.js
438 error Error: spawn ENOENT
438 error     at errnoException (child_process.js:980:11)
438 error     at Process.ChildProcess._handle.onexit (child_process.js:771:34)
439 error If you need help, you may report this log at:
439 error     <http://github.com/isaacs/npm/issues>
439 error or email it to:
439 error     <npm-@googlegroups.com>
440 error System Linux 2.6.32-431.el6oso.bz844450.x86_64
441 error command "/usr/libexec/openshift/cartridges/c9-0.1/root/bin/node-openshift-v10" "/usr/libexec/openshift/cartridges/c9-0.1/root/lib-0.10/node_modules/npm/bin/npm-cli.js" "install" "-d"
442 error cwd /var/lib/stickshift/52e292c24382ec09e7000356/app-root/data/750946/conf
443 error node -v v0.10.22
444 error npm -v 1.3.8
445 error syscall spawn
446 error code ENOENT
447 error errno ENOENT
448 verbose exit [ 1, true ]
